2019-07-11T20:48:32+00:00 CRITICAL Uncaught Error: Call to undefined function woocommerce_shop_loop_item_title() in F:\xampp\htdocs\Woocommerce theme\wp-content\themes\avocado-commerce\woocommerce\content-product.php:31
Stack trace:
#0 F:\xampp\htdocs\Woocommerce theme\wp-includes\template.php(724): require()
#1 F:\xampp\htdocs\Woocommerce theme\wp-content\plugins\woocommerce\includes\wc-core-functions.php(195): load_template('F:\\xampp\\htdocs...', false)
#2 F:\xampp\htdocs\Woocommerce theme\wp-content\plugins\woocommerce\includes\shortcodes\class-wc-shortcode-products.php(652): wc_get_template_part('content', 'product')
#3 F:\xampp\htdocs\Woocommerce theme\wp-content\plugins\woocommerce\includes\shortcodes\class-wc-shortcode-products.php(100): WC_Shortcode_Products->product_loop()
#4 F:\xampp\htdocs\Woocommerce theme\wp-content\plugins\woocommerce\includes\class-wc-shortcodes.php(267): WC_Shortcode_Products->get_content()
#5 F:\xampp\htdocs\Woocommerce theme\wp-includes\shortcodes.php(325): WC_Shortcodes::products(Array, '', 'products')
#6 [ in F:\xampp\htdocs\Woocommerce theme\wp-content\themes\avocado-commerce\woocommerce\content-product.php on line 31

2019-07-11T20:48:52+00:00 CRITICAL Uncaught Error: Call to undefined function woocommerce_shop_loop_item_title() in F:\xampp\htdocs\Woocommerce theme\wp-content\themes\avocado-commerce\woocommerce\content-product.php:31
Stack trace:
#0 F:\xampp\htdocs\Woocommerce theme\wp-includes\template.php(724): require()
#1 F:\xampp\htdocs\Woocommerce theme\wp-content\plugins\woocommerce\includes\wc-core-functions.php(195): load_template('F:\\xampp\\htdocs...', false)
#2 F:\xampp\htdocs\Woocommerce theme\wp-content\plugins\woocommerce\includes\shortcodes\class-wc-shortcode-products.php(652): wc_get_template_part('content', 'product')
#3 F:\xampp\htdocs\Woocommerce theme\wp-content\plugins\woocommerce\includes\shortcodes\class-wc-shortcode-products.php(100): WC_Shortcode_Products->product_loop()
#4 F:\xampp\htdocs\Woocommerce theme\wp-content\plugins\woocommerce\includes\class-wc-shortcodes.php(267): WC_Shortcode_Products->get_content()
#5 F:\xampp\htdocs\Woocommerce theme\wp-includes\shortcodes.php(325): WC_Shortcodes::products(Array, '', 'products')
#6 [ in F:\xampp\htdocs\Woocommerce theme\wp-content\themes\avocado-commerce\woocommerce\content-product.php on line 31

2019-07-11T20:50:25+00:00 CRITICAL Uncaught Error: Call to undefined function woocommerce_shop_loop_item_title() in F:\xampp\htdocs\Woocommerce theme\wp-content\themes\avocado-commerce\woocommerce\content-product.php:31
Stack trace:
#0 F:\xampp\htdocs\Woocommerce theme\wp-includes\template.php(724): require()
#1 F:\xampp\htdocs\Woocommerce theme\wp-content\plugins\woocommerce\includes\wc-core-functions.php(195): load_template('F:\\xampp\\htdocs...', false)
#2 F:\xampp\htdocs\Woocommerce theme\wp-content\plugins\woocommerce\includes\shortcodes\class-wc-shortcode-products.php(652): wc_get_template_part('content', 'product')
#3 F:\xampp\htdocs\Woocommerce theme\wp-content\plugins\woocommerce\includes\shortcodes\class-wc-shortcode-products.php(100): WC_Shortcode_Products->product_loop()
#4 F:\xampp\htdocs\Woocommerce theme\wp-content\plugins\woocommerce\includes\class-wc-shortcodes.php(267): WC_Shortcode_Products->get_content()
#5 F:\xampp\htdocs\Woocommerce theme\wp-includes\shortcodes.php(325): WC_Shortcodes::products(Array, '', 'products')
#6 [ in F:\xampp\htdocs\Woocommerce theme\wp-content\themes\avocado-commerce\woocommerce\content-product.php on line 31

