2019-07-10T19:05:42+00:00 CRITICAL Uncaught Error: Call to undefined function wpauto() in F:\xampp\htdocs\Woocommerce theme\wp-content\plugins\avocado-commerce\widgets\content-block.php:99
Stack trace:
#0 F:\xampp\htdocs\Woocommerce theme\wp-content\plugins\elementor\includes\base\widget-base.php(501): Avocado_content_block_Widget->render()
#1 F:\xampp\htdocs\Woocommerce theme\wp-content\plugins\elementor\core\base\document.php(207): Elementor\Widget_Base->render_content()
#2 F:\xampp\htdocs\Woocommerce theme\wp-content\plugins\elementor\includes\managers\widgets.php(323): Elementor\Core\Base\Document->render_element(Array)
#3 [internal function]: Elementor\Widgets_Manager->ajax_render_widget(Array, Object(Elementor\Core\Common\Modules\Ajax\Module))
#4 F:\xampp\htdocs\Woocommerce theme\wp-content\plugins\elementor\core\common\modules\ajax\module.php(171): call_user_func(Array, Array, Object(Elementor\Core\Common\Modules\Ajax\Module))
#5 F:\xampp\htdocs\Woocommerce theme\wp-includes\class-wp-hook.php(286): Elementor\Core\Common\Modules\Ajax\Mod in F:\xampp\htdocs\Woocommerce theme\wp-content\plugins\avocado-commerce\widgets\content-block.php on line 99

2019-07-10T19:06:46+00:00 CRITICAL Uncaught Error: Call to undefined function wpauto() in F:\xampp\htdocs\Woocommerce theme\wp-content\plugins\avocado-commerce\widgets\content-block.php:99
Stack trace:
#0 F:\xampp\htdocs\Woocommerce theme\wp-content\plugins\elementor\includes\base\widget-base.php(501): Avocado_content_block_Widget->render()
#1 F:\xampp\htdocs\Woocommerce theme\wp-content\plugins\elementor\includes\base\widget-base.php(559): Elementor\Widget_Base->render_content()
#2 F:\xampp\htdocs\Woocommerce theme\wp-content\plugins\elementor\includes\db.php(297): Elementor\Widget_Base->render_plain_content()
#3 F:\xampp\htdocs\Woocommerce theme\wp-content\plugins\elementor\includes\db.php(303): Elementor\DB->render_element_plain_content(Array)
#4 F:\xampp\htdocs\Woocommerce theme\wp-content\plugins\elementor\includes\db.php(303): Elementor\DB->render_element_plain_content(Array)
#5 F:\xampp\htdocs\Woocommerce theme\wp-content\plugins\elementor\includes\db.php(635): Elementor\DB->render_element_plain_content(Array)
#6 F:\xampp\htdocs\Woocomm in F:\xampp\htdocs\Woocommerce theme\wp-content\plugins\avocado-commerce\widgets\content-block.php on line 99

2019-07-10T19:53:20+00:00 CRITICAL syntax error, unexpected 'large' (T_STRING), expecting ']' in F:\xampp\htdocs\Woocommerce theme\wp-content\plugins\avocado-commerce\widgets\content-block.php on line 101

2019-07-10T19:54:26+00:00 CRITICAL syntax error, unexpected 'large' (T_STRING), expecting ']' in F:\xampp\htdocs\Woocommerce theme\wp-content\plugins\avocado-commerce\widgets\content-block.php on line 101

2019-07-10T19:55:34+00:00 CRITICAL Uncaught Error: Call to undefined function wp_get_attachement_image_url() in F:\xampp\htdocs\Woocommerce theme\wp-content\plugins\avocado-commerce\widgets\content-block.php:101
Stack trace:
#0 F:\xampp\htdocs\Woocommerce theme\wp-content\plugins\elementor\includes\base\widget-base.php(501): Avocado_content_block_Widget->render()
#1 F:\xampp\htdocs\Woocommerce theme\wp-content\plugins\elementor\includes\base\widget-base.php(619): Elementor\Widget_Base->render_content()
#2 F:\xampp\htdocs\Woocommerce theme\wp-content\plugins\elementor\includes\base\element-base.php(739): Elementor\Widget_Base->get_raw_data(true)
#3 F:\xampp\htdocs\Woocommerce theme\wp-content\plugins\elementor\includes\base\element-base.php(739): Elementor\Element_Base->get_raw_data(true)
#4 F:\xampp\htdocs\Woocommerce theme\wp-content\plugins\elementor\core\base\document.php(695): Elementor\Element_Base->get_raw_data(true)
#5 F:\xampp\htdocs\Woocommerce theme\wp-content\plugins\elementor\includes\editor.php(482): Elementor\Core\Base\Document-> in F:\xampp\htdocs\Woocommerce theme\wp-content\plugins\avocado-commerce\widgets\content-block.php on line 101

2019-07-10T19:56:15+00:00 CRITICAL Uncaught Error: Call to undefined function wp_get_attachement_image_url() in F:\xampp\htdocs\Woocommerce theme\wp-content\plugins\avocado-commerce\widgets\content-block.php:101
Stack trace:
#0 F:\xampp\htdocs\Woocommerce theme\wp-content\plugins\elementor\includes\base\widget-base.php(501): Avocado_content_block_Widget->render()
#1 F:\xampp\htdocs\Woocommerce theme\wp-content\plugins\elementor\includes\base\widget-base.php(619): Elementor\Widget_Base->render_content()
#2 F:\xampp\htdocs\Woocommerce theme\wp-content\plugins\elementor\includes\base\element-base.php(739): Elementor\Widget_Base->get_raw_data(true)
#3 F:\xampp\htdocs\Woocommerce theme\wp-content\plugins\elementor\includes\base\element-base.php(739): Elementor\Element_Base->get_raw_data(true)
#4 F:\xampp\htdocs\Woocommerce theme\wp-content\plugins\elementor\core\base\document.php(695): Elementor\Element_Base->get_raw_data(true)
#5 F:\xampp\htdocs\Woocommerce theme\wp-content\plugins\elementor\includes\editor.php(482): Elementor\Core\Base\Document-> in F:\xampp\htdocs\Woocommerce theme\wp-content\plugins\avocado-commerce\widgets\content-block.php on line 101

2019-07-10T19:56:18+00:00 CRITICAL Uncaught Error: Call to undefined function wp_get_attachement_image_url() in F:\xampp\htdocs\Woocommerce theme\wp-content\plugins\avocado-commerce\widgets\content-block.php:101
Stack trace:
#0 F:\xampp\htdocs\Woocommerce theme\wp-content\plugins\elementor\includes\base\widget-base.php(501): Avocado_content_block_Widget->render()
#1 F:\xampp\htdocs\Woocommerce theme\wp-content\plugins\elementor\includes\base\widget-base.php(619): Elementor\Widget_Base->render_content()
#2 F:\xampp\htdocs\Woocommerce theme\wp-content\plugins\elementor\includes\base\element-base.php(739): Elementor\Widget_Base->get_raw_data(true)
#3 F:\xampp\htdocs\Woocommerce theme\wp-content\plugins\elementor\includes\base\element-base.php(739): Elementor\Element_Base->get_raw_data(true)
#4 F:\xampp\htdocs\Woocommerce theme\wp-content\plugins\elementor\core\base\document.php(695): Elementor\Element_Base->get_raw_data(true)
#5 F:\xampp\htdocs\Woocommerce theme\wp-content\plugins\elementor\includes\editor.php(482): Elementor\Core\Base\Document-> in F:\xampp\htdocs\Woocommerce theme\wp-content\plugins\avocado-commerce\widgets\content-block.php on line 101

2019-07-10T19:56:36+00:00 CRITICAL Uncaught Error: Call to undefined function wp_get_attachement_image_url() in F:\xampp\htdocs\Woocommerce theme\wp-content\plugins\avocado-commerce\widgets\content-block.php:101
Stack trace:
#0 F:\xampp\htdocs\Woocommerce theme\wp-content\plugins\elementor\includes\base\widget-base.php(501): Avocado_content_block_Widget->render()
#1 F:\xampp\htdocs\Woocommerce theme\wp-content\plugins\elementor\includes\base\widget-base.php(619): Elementor\Widget_Base->render_content()
#2 F:\xampp\htdocs\Woocommerce theme\wp-content\plugins\elementor\includes\base\element-base.php(739): Elementor\Widget_Base->get_raw_data(true)
#3 F:\xampp\htdocs\Woocommerce theme\wp-content\plugins\elementor\includes\base\element-base.php(739): Elementor\Element_Base->get_raw_data(true)
#4 F:\xampp\htdocs\Woocommerce theme\wp-content\plugins\elementor\core\base\document.php(695): Elementor\Element_Base->get_raw_data(true)
#5 F:\xampp\htdocs\Woocommerce theme\wp-content\plugins\elementor\includes\editor.php(482): Elementor\Core\Base\Document-> in F:\xampp\htdocs\Woocommerce theme\wp-content\plugins\avocado-commerce\widgets\content-block.php on line 101

